<?xml version="1.0" encoding="UTF-8" standalone="no"?><testsuites><testsuite errors="0" failures="0" hostname="0146975B1801D008_samsung_GalaxyNexus" name="com.snappydb.sample.tests" tests="18" time="6.3820" timestamp="Wed Dec 18 01:06:10 CET 2013"><properties><property name="java.runtime.name" value="Java(TM) SE Runtime Environment"/><property name="sun.boot.library.path" value="/Library/Java/JavaVirtualMachines/1.6.0_51-b11-457.jdk/Contents/Libraries"/><property name="java.vm.version" value="20.51-b01-457"/><property name="awt.nativeDoubleBuffering" value="true"/><property name="gopherProxySet" value="false"/><property name="java.vm.vendor" value="Apple Inc."/><property name="java.vendor.url" value="http://www.apple.com/"/><property name="guice.disable.misplaced.annotation.check" value="true"/><property name="path.separator" value=":"/><property name="java.vm.name" value="Java HotSpot(TM) 64-Bit Server VM"/><property name="file.encoding.pkg" value="sun.io"/><property name="sun.java.launcher" value="SUN_STANDARD"/><property name="user.country" value="US"/><property name="sun.os.patch.level" value="unknown"/><property name="java.vm.specification.name" value="Java Virtual Machine Specification"/><property name="user.dir" value="/Users/Nabil/Dev/workspace_maven/SnappyDB"/><property name="java.runtime.version" value="1.6.0_51-b11-457"/><property name="java.awt.graphicsenv" value="apple.awt.CGraphicsEnvironment"/><property name="java.endorsed.dirs" value="/Library/Java/JavaVirtualMachines/1.6.0_51-b11-457.jdk/Contents/Home/lib/endorsed"/><property name="os.arch" value="x86_64"/><property name="java.io.tmpdir" value="/var/folders/4_/38tydwq52m3_hl47wjvgmwfw0000gn/T/"/><property name="line.separator" value="&#10;"/><property name="java.vm.specification.vendor" value="Sun Microsystems Inc."/><property name="os.name" value="Mac OS X"/><property name="classworlds.conf" value="/Android/apache-maven-3.1.1/bin/m2.conf"/><property name="sun.jnu.encoding" value="MacRoman"/><property name="java.library.path" value=".:/Library/Java/Extensions:/System/Library/Java/Extensions:/usr/lib/java"/><property name="java.specification.name" value="Java Platform API Specification"/><property name="java.class.version" value="50.0"/><property name="sun.management.compiler" value="HotSpot 64-Bit Tiered Compilers"/><property name="os.version" value="10.9"/><property name="http.nonProxyHosts" value="local|*.local|169.254/16|*.169.254/16|vaavu|*.vaavu"/><property name="user.home" value="/Users/Nabil"/><property name="user.timezone" value="Europe/Paris"/><property name="java.awt.printerjob" value="apple.awt.CPrinterJob"/><property name="file.encoding" value="MacRoman"/><property name="java.specification.version" value="1.6"/><property name="java.class.path" value="/Android/apache-maven-3.1.1/boot/plexus-classworlds-2.5.1.jar"/><property name="user.name" value="Nabil"/><property name="org.slf4j.simpleLogger.defaultLogLevel" value="info"/><property name="java.vm.specification.version" value="1.0"/><property name="sun.java.command" value="org.codehaus.plexus.classworlds.launcher.Launcher clean install"/><property name="java.home" value="/Library/Java/JavaVirtualMachines/1.6.0_51-b11-457.jdk/Contents/Home"/><property name="sun.arch.data.model" value="64"/><property name="user.language" value="en"/><property name="java.specification.vendor" value="Sun Microsystems Inc."/><property name="awt.toolkit" value="apple.awt.CToolkit"/><property name="java.vm.info" value="mixed mode"/><property name="java.version" value="1.6.0_51"/><property name="java.ext.dirs" value="/Library/Java/Extensions:/System/Library/Java/Extensions:/Library/Java/JavaVirtualMachines/1.6.0_51-b11-457.jdk/Contents/Home/lib/ext"/><property name="sun.boot.class.path" value="/Library/Java/JavaVirtualMachines/1.6.0_51-b11-457.jdk/Contents/Classes/jsfd.jar:/Library/Java/JavaVirtualMachines/1.6.0_51-b11-457.jdk/Contents/Classes/classes.jar:/System/Library/Frameworks/JavaVM.framework/Frameworks/JavaRuntimeSupport.framework/Resources/Java/JavaRuntimeSupport.jar:/Library/Java/JavaVirtualMachines/1.6.0_51-b11-457.jdk/Contents/Classes/ui.jar:/Library/Java/JavaVirtualMachines/1.6.0_51-b11-457.jdk/Contents/Classes/laf.jar:/Library/Java/JavaVirtualMachines/1.6.0_51-b11-457.jdk/Contents/Classes/sunrsasign.jar:/Library/Java/JavaVirtualMachines/1.6.0_51-b11-457.jdk/Contents/Classes/jsse.jar:/Library/Java/JavaVirtualMachines/1.6.0_51-b11-457.jdk/Contents/Classes/jce.jar:/Library/Java/JavaVirtualMachines/1.6.0_51-b11-457.jdk/Contents/Classes/charsets.jar"/><property name="java.vendor" value="Apple Inc."/><property name="maven.home" value="/Android/apache-maven-3.1.1"/><property name="file.separator" value="/"/><property name="java.vendor.url.bug" value="http://bugreport.apple.com/"/><property name="sun.io.unicode.encoding" value="UnicodeLittle"/><property name="sun.cpu.endian" value="little"/><property name="mrj.version" value="1070.1.6.0_51-457"/><property name="socksNonProxyHosts" value="local|*.local|169.254/16|*.169.254/16|vaavu|*.vaavu"/><property name="ftp.nonProxyHosts" value="local|*.local|169.254/16|*.169.254/16|vaavu|*.vaavu"/><property name="sun.cpu.isalist" value=""/><property name="ro.product.manufacturer" value="samsung"/><property name="gsm.sim.operator.alpha" value="Free"/><property name="net.tcp.buffersize.hsupa" value="4094,87380,262144,4096,16384,262144"/><property name="ro.debuggable" value="0"/><property name="ro.boot.macaddr" value=""/><property name="persist.sys.usb.config" value="ptp,adb"/><property name="net.rmnet0.dns1" value=""/><property name="net.rmnet0.dns2" value=""/><property name="init.svc.debuggerd" value="running"/><property name="ril.pin_mode" value="0"/><property name="init.svc.smc_pa_wvdrm" value="stopped"/><property name="persist.sys.profiler_ms" value="0"/><property name="init.svc.ueventd" value="running"/><property name="system_init.startsurfaceflinger" value="0"/><property name="ro.product.model" value="Galaxy Nexus"/><property name="gsm.operator.iso-country" value="fr"/><property name="persist.sys.language" value="fr"/><property name="ril.initPB" value="1"/><property name="ro.factorytest" value="0"/><property name="ro.build.fingerprint" value="samsung/yakjuxw/maguro:4.2.1/JOP40D/I9250XWMA2:user/release-keys"/><property name="service.bootanim.exit" value="1"/><property name="ro.build.product" value="maguro"/><property name="net.dnschange" value="4"/><property name="ro.bootloader" value="PRIMEKK15"/><property name="ril.model_id" value="I9250"/><property name="init.svc.vold" value="running"/><property name="ro.setupwizard.mode" value="ENABLED"/><property name="ro.boot.serialno" value="0146975B1801D008"/><property name="sys.settings_global_version" value="14"/><property name="init.svc.bugreport" value="stopped"/><property name="keyguard.no_require_sim" value="true"/><property name="net.hostname" value="android-888d7e4dad1f33ff"/><property name="init.svc.p2p_supplicant" value="running"/><property name="ro.build.version.sdk" value="17"/><property name="net.bt.name" value="Android"/><property name="telephony.lteOnCdmaDevice" value="0"/><property name="sys.usb.config" value="ptp,adb"/><property name="ro.bootmode" value="unknown"/><property name="ro.baseband" value="I9250XXLH1"/><property name="ro.runtime.firstboot" value="1387205045958"/><property name="ro.build.host" value="DELL123"/><property name="ro.build.display.id" value="JOP40D.I9250XWMA2"/><property name="dhcp.wlan0.server" value="192.168.1.254"/><property name="ril.ecclist" value="112,911"/><property name="ro.revision" value="9"/><property name="ril.sales_code" value="TPH"/><property name="sys.settings_system_version" value="22"/><property name="ro.product.locale.region" value="US"/><property name="init.svc.sdcard" value="running"/><property name="wifi.interface" value="wlan0"/><property name="gsm.operator.isroaming" value="false"/><property name="persist.sys.timezone" value="Europe/Paris"/><property name="dhcp.wlan0.dns3" value=""/><property name="gsm.operator.numeric" value="20815"/><property name="dhcp.wlan0.dns2" value=""/><property name="dhcp.wlan0.dns1" value="192.168.1.254"/><property name="ro.error.receiver.system.apps" value="com.google.android.feedback"/><property name="ril.prl_num" value="0"/><property name="ro.bt.bdaddr_path" value="/factory/bluetooth/bt_addr"/><property name="ro.allow.mock.location" value="0"/><property name="dhcp.wlan0.dns4" value=""/><property name="ro.url.legal" value="http://www.google.com/intl/%s/mobile/android/basic/phone-legal.html"/><property name="ro.crypto.state" value="unencrypted"/><property name="net.tcp.buffersize.evdo" value="4094,87380,262144,4096,16384,262144"/><property name="ro.nfc.port" value="COM4"/><property name="ro.boot.baseband" value="I9250XXLH1"/><property name="dalvik.vm.heapstartsize" value="8m"/><property name="net.tcp.buffersize.wifi" value="524288,1048576,2097152,262144,524288,1048576"/><property name="ro.boot.bootloader" value="PRIMEKK15"/><property name="ril.fac.default" value="false"/><property name="ril.ICC_TYPE" value="2"/><property name="ril.sw_ver" value="I9250XXLH1"/><property name="ro.boot.console" value="ttyFIQ0"/><property name="net.tcp.buffersize.hsdpa" value="4094,87380,262144,4096,16384,262144"/><property name="persist.sys.localevar" value=""/><property name="ro.crypto.fuse_sdcard" value="true"/><property name="ril.hw_ver" value="MP 1.010"/><property name="gsm.version.baseband" value="I9250XXLH1"/><property name="dalvik.vm.heapminfree" value="512k"/><property name="ro.error.receiver.default" value="com.samsung.receiver.error"/><property name="gsm.nitz.time" value="1387308826000"/><property name="ro.product.brand" value="samsung"/><property name="gsm.sim.operator.numeric" value="20815"/><property name="ril.serialnumber" value="00000000000"/><property name="dhcp.wlan0.result" value="ok"/><property name="ro.config.notification_sound" value="Proxima.ogg"/><property name="ro.build.date.utc" value="1359045633"/><property name="ro.board.platform" value="omap4"/><property name="net.rmnet0.gw" value=""/><property name="dalvik.vm.heaptargetutilization" value="0.75"/><property name="ro.product.locale.language" value="en"/><property name="ro.product.device" value="maguro"/><property name="dev.bootcomplete" value="1"/><property name="ro.setupwizard.enterprise_mode" value="1"/><property name="gsm.sim.state" value="READY"/><property name="init.svc.keystore" value="running"/><property name="gsm.defaultpdpcontext.active" value="true"/><property name="init.svc.fRom" value="stopped"/><property name="ro.hardware" value="tuna"/><property name="init.svc.netd" value="running"/><property name="ro.build.characteristics" value="nosdcard"/><property name="dalvik.vm.dexopt-flags" value="m=y"/><property name="ro.build.id" value="JOP40D"/><property name="ril.rfcal_date" value="2012.1.15"/><property name="ril.product_code" value="Not Active"/><property name="ro.hwui.disable_scissor_opt" value="true"/><property name="init.svc.pvrsrvctl" value="stopped"/><property name="net.tcp.buffersize.hspap" value="4094,87380,1220608,4096,16384,1220608"/><property name="ro.com.android.dateformat" value="MM-dd-yyyy"/><property name="net.tcp.buffersize.lte" value="524288,1048576,2097152,262144,524288,1048576"/><property name="ril.RildInit" value="1"/><property name="net.tcp.buffersize.default" value="4096,87380,110208,4096,16384,110208"/><property name="net.tcp.buffersize.umts" value="4094,87380,110208,4096,16384,110208"/><property name="sys.usb.state" value="ptp,adb"/><property name="rild.libpath" value="/vendor/lib/libsec-ril.so"/><property name="sys.boot_completed" value="1"/><property name="ro.product.name" value="yakjuxw"/><property name="net.change" value="net.rmnet0.gw"/><property name="ro.config.alarm_alert" value="Cesium.ogg"/><property name="ro.build.tags" value="release-keys"/><property name="gsm.version.ril-impl" value="Samsung RIL(IPC) v3.1_1194333"/><property name="ro.product.board" value="tuna"/><property name="init.svc.drm" value="running"/><property name="ro.build.description" value="yakjuxw-user 4.2.1 JOP40D I9250XWMA2 release-keys"/><property name="init.svc.media" value="running"/><property name="init.svc.setup_fs" value="stopped"/><property name="ro.build.version.codename" value="REL"/><property name="init.svc.tf_daemon" value="running"/><property name="ro.product.cpu.abi" value="armeabi-v7a"/><property name="rild.libargs" value="-d /dev/ttys0"/><property name="dhcp.wlan0.pid" value="26651"/><property name="dalvik.vm.heapgrowthlimit" value="96m"/><property name="ro.sf.lcd_density" value="320"/><property name="dhcp.wlan0.vendorInfo" value=""/><property name="init.svc.bootanim" value="stopped"/><property name="dalvik.vm.heapsize" value="256m"/><property name="dalvik.vm.stack-trace-file" value="/data/anr/traces.txt"/><property name="ro.com.google.clientidbase" value="android-google"/><property name="net.tcp.buffersize.edge" value="4093,26280,35040,4096,16384,35040"/><property name="dhcp.wlan0.ipaddress" value="192.168.1.11"/><property name="init.svc.surfaceflinger" value="running"/><property name="ril.FS" value="false"/><property name="ro.serialno" value="0146975B1801D008"/><property name="net.wlan0.dns1" value="49.0.0.0"/><property name="net.wlan0.dns2" value=""/><property name="init.svc.dhcpcd_wlan0" value="running"/><property name="persist.sys.country" value="FR"/><property name="dalvik.vm.heapmaxfree" value="8m"/><property name="net.tcp.buffersize.gprs" value="4092,8760,11680,4096,8760,11680"/><property name="ro.build.date" value="Fri Jan 25 01:40:33 KST 2013"/><property name="ro.com.android.dataroaming" value="false"/><property name="init.svc.flash_recovery" value="stopped"/><property name="ro.com.google.gmsversion" value="4.2_r1"/><property name="ro.build.version.release" value="4.2.1"/><property name="vold.post_fs_data_done" value="1"/><property name="wlan.driver.status" value="ok"/><property name="ro.product.cpu.abi2" value="armeabi"/><property name="drm.service.enabled" value="true"/><property name="net.tcp.buffersize.hspa" value="4094,87380,262144,4096,16384,262144"/><property name="init.svc.zygote" value="running"/><property name="media.aac_51_output_enabled" value="true"/><property name="ro.telephony.call_ring.multiple" value="0"/><property name="init.svc.servicemanager" value="running"/><property name="ro.url.legal.android_privacy" value="http://www.google.com/intl/%s/mobile/android/basic/privacy.html"/><property name="gsm.current.phone-type" value="1"/><property name="ro.build.user" value="dpi.sec"/><property name="ro.opengles.version" value="131072"/><property name="gsm.sim.operator.iso-country" value="fr"/><property name="dhcp.wlan0.reason" value="REBOOT"/><property name="ro.config.ringtone" value="Girtab.ogg"/><property name="dhcp.wlan0.mask" value="255.255.255.0"/><property name="init.svc.installd" value="running"/><property name="dhcp.wlan0.leasetime" value="43200"/><property name="ro.secure" value="1"/><property name="ro.carrier" value="unknown"/><property name="ro.build.type" value="user"/><property name="dhcp.wlan0.gateway" value="192.168.1.254"/><property name="ro.wifi.channels" value=""/><property name="ro.build.version.incremental" value="I9250XWMA2"/><property name="init.svc.adbd" value="running"/><property name="gsm.operator.alpha" value="Free"/><property name="gsm.network.type" value="HSDPA"/><property name="net.qtaguid_enabled" value="1"/><property name="net.dns2" value=""/><property name="net.dns1" value="192.168.1.254"/><property name="init.svc.ril-daemon" value="running"/></properties><testcase classname="com.snappydb.sample.tests.api.BasicOperations" name="testBoolean" time="1.7800"/><testcase classname="com.snappydb.sample.tests.api.BasicOperations" name="testCreateDB" time="0.2080"/><testcase classname="com.snappydb.sample.tests.api.BasicOperations" name="testCreateWithDefaultName" time="0.5690"/><testcase classname="com.snappydb.sample.tests.api.BasicOperations" name="testDelete" time="0.4890"/><testcase classname="com.snappydb.sample.tests.api.BasicOperations" name="testDestroyDB" time="0.1020"/><testcase classname="com.snappydb.sample.tests.api.BasicOperations" name="testDestroyWithoutOpenDB" time="0.0780"/><testcase classname="com.snappydb.sample.tests.api.BasicOperations" name="testDouble" time="0.1560"/><testcase classname="com.snappydb.sample.tests.api.BasicOperations" name="testFloat" time="0.1800"/><testcase classname="com.snappydb.sample.tests.api.BasicOperations" name="testInt" time="0.2820"/><testcase classname="com.snappydb.sample.tests.api.BasicOperations" name="testLong" time="0.4640"/><testcase classname="com.snappydb.sample.tests.api.BasicOperations" name="testNoKey" time="0.3590"/><testcase classname="com.snappydb.sample.tests.api.BasicOperations" name="testOverrideValue" time="0.1800"/><testcase classname="com.snappydb.sample.tests.api.BasicOperations" name="testSerializable" time="0.3080"/><testcase classname="com.snappydb.sample.tests.api.BasicOperations" name="testSerializableArray" time="0.5670"/><testcase classname="com.snappydb.sample.tests.api.BasicOperations" name="testSerializableArrayFail" time="0.2300"/><testcase classname="com.snappydb.sample.tests.api.BasicOperations" name="testShort" time="0.1550"/><testcase classname="com.snappydb.sample.tests.api.BasicOperations" name="testString" time="0.1280"/><testcase classname="com.snappydb.sample.tests.api.BasicOperations" name="testTwoInstance" time="0.0760"/></testsuite></testsuites>